<?xml version="1.0" encoding="UTF-8"?>
<testng-results skipped="0" failed="0" total="1" passed="1">
  <reporter-output>
  </reporter-output>
  <suite name="Suite" duration-ms="65" started-at="2017-11-30T09:55:35Z" finished-at="2017-11-30T09:55:35Z">
    <groups>
    </groups>
    <test name="Test" duration-ms="65" started-at="2017-11-30T09:55:35Z" finished-at="2017-11-30T09:55:35Z">
      <class name="testFiles.SignInTest">
        <test-method status="PASS" signature="beforeSuite()[pri:0, instance:testFiles.SignInTest@d818d1]" name="beforeSuite" is-config="true" duration-ms="7311" started-at="2017-11-30T15:25:28Z" finished-at="2017-11-30T15:25:35Z">
          <reporter-output>
          </reporter-output>
        </test-method> <!-- beforeSuite -->
        <test-method status="PASS" signature="beforeTest()[pri:0, instance:testFiles.SignInTest@d818d1]" name="beforeTest" is-config="true" duration-ms="1" started-at="2017-11-30T15:25:35Z" finished-at="2017-11-30T15:25:35Z">
          <reporter-output>
          </reporter-output>
        </test-method> <!-- beforeTest -->
        <test-method status="PASS" signature="signIntoAccount()[pri:0, instance:testFiles.SignInTest@d818d1]" name="signIntoAccount" duration-ms="20" started-at="2017-11-30T15:25:35Z" finished-at="2017-11-30T15:25:35Z">
          <reporter-output>
          </reporter-output>
        </test-method> <!-- signIntoAccount -->
        <test-method status="PASS" signature="afterSuite()[pri:0, instance:testFiles.SignInTest@d818d1]" name="afterSuite" is-config="true" duration-ms="1275" started-at="2017-11-30T15:25:35Z" finished-at="2017-11-30T15:25:36Z">
          <reporter-output>
          </reporter-output>
        </test-method> <!-- afterSuite -->
      </class> <!-- testFiles.SignInTest -->
    </test> <!-- Test -->
  </suite> <!-- Suite -->
</testng-results>
