<?xml version="1.0" encoding="UTF-8"?>
<testng-results skipped="0" failed="0" total="1" passed="1">
  <reporter-output>
  </reporter-output>
  <suite name="Suite" duration-ms="2179" started-at="2017-11-30T11:15:04Z" finished-at="2017-11-30T11:15:07Z">
    <groups>
    </groups>
    <test name="Test" duration-ms="2179" started-at="2017-11-30T11:15:04Z" finished-at="2017-11-30T11:15:07Z">
      <class name="testFiles.SignInTest">
        <test-method status="PASS" signature="beforeSuite()[pri:0, instance:testFiles.SignInTest@34c75a]" name="beforeSuite" is-config="true" duration-ms="7236" started-at="2017-11-30T16:44:57Z" finished-at="2017-11-30T16:45:04Z">
          <reporter-output>
          </reporter-output>
        </test-method> <!-- beforeSuite -->
        <test-method status="PASS" signature="beforeTest()[pri:0, instance:testFiles.SignInTest@34c75a]" name="beforeTest" is-config="true" duration-ms="1" started-at="2017-11-30T16:45:04Z" finished-at="2017-11-30T16:45:04Z">
          <reporter-output>
          </reporter-output>
        </test-method> <!-- beforeTest -->
        <test-method status="PASS" signature="signIntoAccount()[pri:0, instance:testFiles.SignInTest@34c75a]" name="signIntoAccount" duration-ms="2135" started-at="2017-11-30T16:45:04Z" finished-at="2017-11-30T16:45:07Z">
          <reporter-output>
          </reporter-output>
        </test-method> <!-- signIntoAccount -->
        <test-method status="PASS" signature="afterSuite()[pri:0, instance:testFiles.SignInTest@34c75a]" name="afterSuite" is-config="true" duration-ms="1351" started-at="2017-11-30T16:45:07Z" finished-at="2017-11-30T16:45:08Z">
          <reporter-output>
          </reporter-output>
        </test-method> <!-- afterSuite -->
      </class> <!-- testFiles.SignInTest -->
    </test> <!-- Test -->
  </suite> <!-- Suite -->
</testng-results>
